2023-04-24 13:40:19,919 [INFO] Hyperparameters: {'learning_rate': 0.0001, 'hidden_layers': [128, 256], 'batch_size': 16} - Final Training RMSE: 0.2529, Final Validation RMSE: 0.2957
Hyperparameters: {'learning_rate': 0.0001, 'hidden_layers': [128, 256], 'batch_size': 16}
Epoch 1/50 - Training RMSE: 0.3353, Validation RMSE: 0.3332
Epoch 2/50 - Training RMSE: 0.3235, Validation RMSE: 0.3207
Epoch 3/50 - Training RMSE: 0.3198, Validation RMSE: 0.3182
Epoch 4/50 - Training RMSE: 0.3149, Validation RMSE: 0.3130
Epoch 5/50 - Training RMSE: 0.3119, Validation RMSE: 0.3111
Epoch 6/50 - Training RMSE: 0.3126, Validation RMSE: 0.3143
Epoch 7/50 - Training RMSE: 0.3091, Validation RMSE: 0.3108
Epoch 8/50 - Training RMSE: 0.3048, Validation RMSE: 0.3081
Epoch 9/50 - Training RMSE: 0.3112, Validation RMSE: 0.3128
Epoch 10/50 - Training RMSE: 0.3025, Validation RMSE: 0.3070
Epoch 11/50 - Training RMSE: 0.3016, Validation RMSE: 0.3083
Epoch 12/50 - Training RMSE: 0.2976, Validation RMSE: 0.3039
Epoch 13/50 - Training RMSE: 0.2953, Validation RMSE: 0.3026
Epoch 14/50 - Training RMSE: 0.2951, Validation RMSE: 0.3027
Epoch 15/50 - Training RMSE: 0.2931, Validation RMSE: 0.3028
Epoch 16/50 - Training RMSE: 0.2935, Validation RMSE: 0.3018
Epoch 17/50 - Training RMSE: 0.2912, Validation RMSE: 0.3013
Epoch 18/50 - Training RMSE: 0.2921, Validation RMSE: 0.3039
Epoch 19/50 - Training RMSE: 0.2894, Validation RMSE: 0.3005
Epoch 20/50 - Training RMSE: 0.2900, Validation RMSE: 0.3024
Epoch 21/50 - Training RMSE: 0.2864, Validation RMSE: 0.3004
Epoch 22/50 - Training RMSE: 0.2830, Validation RMSE: 0.2982
Epoch 23/50 - Training RMSE: 0.2835, Validation RMSE: 0.3004
Epoch 24/50 - Training RMSE: 0.2816, Validation RMSE: 0.3001
Epoch 25/50 - Training RMSE: 0.2813, Validation RMSE: 0.2978
Epoch 26/50 - Training RMSE: 0.2799, Validation RMSE: 0.2999
Epoch 27/50 - Training RMSE: 0.2779, Validation RMSE: 0.2981
Epoch 28/50 - Training RMSE: 0.2799, Validation RMSE: 0.2989
Epoch 29/50 - Training RMSE: 0.2809, Validation RMSE: 0.3024
Epoch 30/50 - Training RMSE: 0.2728, Validation RMSE: 0.2963
Epoch 31/50 - Training RMSE: 0.2775, Validation RMSE: 0.3017
Epoch 32/50 - Training RMSE: 0.2721, Validation RMSE: 0.2966
Epoch 33/50 - Training RMSE: 0.2737, Validation RMSE: 0.2979
Epoch 34/50 - Training RMSE: 0.2711, Validation RMSE: 0.2986
Epoch 35/50 - Training RMSE: 0.2667, Validation RMSE: 0.2958
Epoch 36/50 - Training RMSE: 0.2650, Validation RMSE: 0.2952
Epoch 37/50 - Training RMSE: 0.2675, Validation RMSE: 0.2976
Epoch 38/50 - Training RMSE: 0.2656, Validation RMSE: 0.2964
Epoch 39/50 - Training RMSE: 0.2640, Validation RMSE: 0.2957
Epoch 40/50 - Training RMSE: 0.2625, Validation RMSE: 0.2962
Epoch 41/50 - Training RMSE: 0.2595, Validation RMSE: 0.2941
Epoch 42/50 - Training RMSE: 0.2583, Validation RMSE: 0.2942
Epoch 43/50 - Training RMSE: 0.2648, Validation RMSE: 0.2986
Epoch 44/50 - Training RMSE: 0.2555, Validation RMSE: 0.2937
Epoch 45/50 - Training RMSE: 0.2568, Validation RMSE: 0.2941
Epoch 46/50 - Training RMSE: 0.2601, Validation RMSE: 0.2990
Epoch 47/50 - Training RMSE: 0.2538, Validation RMSE: 0.2948
Epoch 48/50 - Training RMSE: 0.2557, Validation RMSE: 0.2951
Epoch 49/50 - Training RMSE: 0.2557, Validation RMSE: 0.2960
Epoch 50/50 - Training RMSE: 0.2529, Validation RMSE: 0.2957
Test Loss: 0.3015555194197179
Test Accuracy: 0.5801831415825311
2023-04-24 14:03:44,150 [INFO] Hyperparameters: {'learning_rate': 0.0001, 'hidden_layers': [64, 128, 256], 'batch_size': 32} - Final Training RMSE: 0.2788, Final Validation RMSE: 0.3046
Hyperparameters: {'learning_rate': 0.0001, 'hidden_layers': [64, 128, 256], 'batch_size': 32}
Epoch 1/50 - Training RMSE: 0.3497, Validation RMSE: 0.3472
Epoch 2/50 - Training RMSE: 0.3396, Validation RMSE: 0.3376
Epoch 3/50 - Training RMSE: 0.3300, Validation RMSE: 0.3282
Epoch 4/50 - Training RMSE: 0.3294, Validation RMSE: 0.3289
Epoch 5/50 - Training RMSE: 0.3228, Validation RMSE: 0.3201
Epoch 6/50 - Training RMSE: 0.3193, Validation RMSE: 0.3177
Epoch 7/50 - Training RMSE: 0.3180, Validation RMSE: 0.3178
Epoch 8/50 - Training RMSE: 0.3164, Validation RMSE: 0.3154
Epoch 9/50 - Training RMSE: 0.3124, Validation RMSE: 0.3121
Epoch 10/50 - Training RMSE: 0.3142, Validation RMSE: 0.3143
Epoch 11/50 - Training RMSE: 0.3100, Validation RMSE: 0.3108
Epoch 12/50 - Training RMSE: 0.3114, Validation RMSE: 0.3126
Epoch 13/50 - Training RMSE: 0.3079, Validation RMSE: 0.3093
Epoch 14/50 - Training RMSE: 0.3049, Validation RMSE: 0.3073
Epoch 15/50 - Training RMSE: 0.3053, Validation RMSE: 0.3090
Epoch 16/50 - Training RMSE: 0.3081, Validation RMSE: 0.3109
Epoch 17/50 - Training RMSE: 0.3010, Validation RMSE: 0.3051
Epoch 18/50 - Training RMSE: 0.3014, Validation RMSE: 0.3066
Epoch 19/50 - Training RMSE: 0.3007, Validation RMSE: 0.3066
Epoch 20/50 - Training RMSE: 0.2983, Validation RMSE: 0.3046
Epoch 21/50 - Training RMSE: 0.3008, Validation RMSE: 0.3080
Epoch 22/50 - Training RMSE: 0.3031, Validation RMSE: 0.3087
Epoch 23/50 - Training RMSE: 0.2949, Validation RMSE: 0.3024
Epoch 24/50 - Training RMSE: 0.2945, Validation RMSE: 0.3033
Epoch 25/50 - Training RMSE: 0.2960, Validation RMSE: 0.3057
Epoch 26/50 - Training RMSE: 0.2933, Validation RMSE: 0.3036
Epoch 27/50 - Training RMSE: 0.2941, Validation RMSE: 0.3044
Epoch 28/50 - Training RMSE: 0.2911, Validation RMSE: 0.3029
Epoch 29/50 - Training RMSE: 0.2899, Validation RMSE: 0.3014
Epoch 30/50 - Training RMSE: 0.2915, Validation RMSE: 0.3046
Epoch 31/50 - Training RMSE: 0.3023, Validation RMSE: 0.3119
Epoch 32/50 - Training RMSE: 0.2866, Validation RMSE: 0.3007
Epoch 33/50 - Training RMSE: 0.2898, Validation RMSE: 0.3048
Epoch 34/50 - Training RMSE: 0.2901, Validation RMSE: 0.3042
Epoch 35/50 - Training RMSE: 0.2908, Validation RMSE: 0.3049
Epoch 36/50 - Training RMSE: 0.2855, Validation RMSE: 0.3023
Epoch 37/50 - Training RMSE: 0.2876, Validation RMSE: 0.3025
Epoch 38/50 - Training RMSE: 0.2831, Validation RMSE: 0.2999
Epoch 39/50 - Training RMSE: 0.2864, Validation RMSE: 0.3037
Epoch 40/50 - Training RMSE: 0.2831, Validation RMSE: 0.3018
Epoch 41/50 - Training RMSE: 0.2930, Validation RMSE: 0.3115
Epoch 42/50 - Training RMSE: 0.2814, Validation RMSE: 0.3020
Epoch 43/50 - Training RMSE: 0.2785, Validation RMSE: 0.2985
Epoch 44/50 - Training RMSE: 0.2811, Validation RMSE: 0.3018
Epoch 45/50 - Training RMSE: 0.2777, Validation RMSE: 0.3001
Epoch 46/50 - Training RMSE: 0.2753, Validation RMSE: 0.2979
Epoch 47/50 - Training RMSE: 0.2814, Validation RMSE: 0.3042
Epoch 48/50 - Training RMSE: 0.2771, Validation RMSE: 0.2999
Epoch 49/50 - Training RMSE: 0.2782, Validation RMSE: 0.3023
Epoch 50/50 - Training RMSE: 0.2788, Validation RMSE: 0.3046
Test Loss: 0.3099919562554132
Test Accuracy: 0.551303122798779
2023-04-24 14:25:00,002 [INFO] Hyperparameters: {'learning_rate': 0.001, 'hidden_layers': [128, 256], 'batch_size': 64} - Final Training RMSE: 0.2314, Final Validation RMSE: 0.2976
Hyperparameters: {'learning_rate': 0.001, 'hidden_layers': [128, 256], 'batch_size': 64}
Epoch 1/50 - Training RMSE: 0.3344, Validation RMSE: 0.3317
Epoch 2/50 - Training RMSE: 0.3215, Validation RMSE: 0.3212
Epoch 3/50 - Training RMSE: 0.3135, Validation RMSE: 0.3125
Epoch 4/50 - Training RMSE: 0.3103, Validation RMSE: 0.3108
Epoch 5/50 - Training RMSE: 0.3088, Validation RMSE: 0.3096
Epoch 6/50 - Training RMSE: 0.3095, Validation RMSE: 0.3113
Epoch 7/50 - Training RMSE: 0.3036, Validation RMSE: 0.3081
Epoch 8/50 - Training RMSE: 0.3016, Validation RMSE: 0.3068
Epoch 9/50 - Training RMSE: 0.2923, Validation RMSE: 0.2981
Epoch 10/50 - Training RMSE: 0.3060, Validation RMSE: 0.3107
Epoch 11/50 - Training RMSE: 0.2883, Validation RMSE: 0.2977
Epoch 12/50 - Training RMSE: 0.3091, Validation RMSE: 0.3182
Epoch 13/50 - Training RMSE: 0.2855, Validation RMSE: 0.2967
Epoch 14/50 - Training RMSE: 0.2873, Validation RMSE: 0.2998
Epoch 15/50 - Training RMSE: 0.2881, Validation RMSE: 0.3009
Epoch 16/50 - Training RMSE: 0.2835, Validation RMSE: 0.3000
Epoch 17/50 - Training RMSE: 0.2853, Validation RMSE: 0.3017
Epoch 18/50 - Training RMSE: 0.2793, Validation RMSE: 0.2984
Epoch 19/50 - Training RMSE: 0.2785, Validation RMSE: 0.2976
Epoch 20/50 - Training RMSE: 0.2817, Validation RMSE: 0.3030
Epoch 21/50 - Training RMSE: 0.2793, Validation RMSE: 0.2998
Epoch 22/50 - Training RMSE: 0.2677, Validation RMSE: 0.2922
Epoch 23/50 - Training RMSE: 0.2643, Validation RMSE: 0.2911
Epoch 24/50 - Training RMSE: 0.2627, Validation RMSE: 0.2912
Epoch 25/50 - Training RMSE: 0.2666, Validation RMSE: 0.2933
Epoch 26/50 - Training RMSE: 0.2628, Validation RMSE: 0.2948
Epoch 27/50 - Training RMSE: 0.2642, Validation RMSE: 0.2959
Epoch 28/50 - Training RMSE: 0.2573, Validation RMSE: 0.2920
Epoch 29/50 - Training RMSE: 0.2581, Validation RMSE: 0.2923
Epoch 30/50 - Training RMSE: 0.2822, Validation RMSE: 0.3110
Epoch 31/50 - Training RMSE: 0.2557, Validation RMSE: 0.2946
Epoch 32/50 - Training RMSE: 0.2608, Validation RMSE: 0.2974
Epoch 33/50 - Training RMSE: 0.2522, Validation RMSE: 0.2939
Epoch 34/50 - Training RMSE: 0.2598, Validation RMSE: 0.2999
Epoch 35/50 - Training RMSE: 0.2496, Validation RMSE: 0.2930
Epoch 36/50 - Training RMSE: 0.2511, Validation RMSE: 0.2969
Epoch 37/50 - Training RMSE: 0.2421, Validation RMSE: 0.2916
Epoch 38/50 - Training RMSE: 0.2418, Validation RMSE: 0.2927
Epoch 39/50 - Training RMSE: 0.2450, Validation RMSE: 0.2970
Epoch 40/50 - Training RMSE: 0.2502, Validation RMSE: 0.2979
Epoch 41/50 - Training RMSE: 0.2438, Validation RMSE: 0.2990
Epoch 42/50 - Training RMSE: 0.2435, Validation RMSE: 0.2993
Epoch 43/50 - Training RMSE: 0.2373, Validation RMSE: 0.2941
Epoch 44/50 - Training RMSE: 0.2602, Validation RMSE: 0.3137
Epoch 45/50 - Training RMSE: 0.2871, Validation RMSE: 0.3323
Epoch 46/50 - Training RMSE: 0.2392, Validation RMSE: 0.2968
Epoch 47/50 - Training RMSE: 0.2315, Validation RMSE: 0.2937
Epoch 48/50 - Training RMSE: 0.2666, Validation RMSE: 0.3180
Epoch 49/50 - Training RMSE: 0.2624, Validation RMSE: 0.3131
Epoch 50/50 - Training RMSE: 0.2314, Validation RMSE: 0.2976
Test Loss: 0.303955897763769
Test Accuracy: 0.580652735383893